DATA_N: 73050
DATA_PATH: tpc-ds-dateData
TARGET_NUMBER: 0
TARGET_NUMBER_2: 0
TARGET_L: 
19980408 19980408 19980408 19980408 
TARGET_R: 

INSERT: 

THREAD_N: 4
CODE_WIDTH: 32
STRIDE: 512
OPERATOR_TYPE: 0
DEBUG: 0

SAMPLES_N: 36
JOBS_PER_THREAD: 18272
MAX_CODE_VAL: 4294967295
MALLOC_DATA_N: 81920
BITMAP_N: 2560
----------
开始从文件：tpc-ds-dateData 装载数据 
装载数据完成，用时： 0.552000 ms
data数据量：73050   每线程任务数：18272

开始采样
采样完成，用时： 0.706000 ms

开始创建映射函数S
创建映射函数S 完成  用时： 0.004000 ms

开始创建ske_col
创建ske_col完成，用时： 18.290000 ms

第1组
is_unique_1: NON-UNIQUE
is_unique_2: NON-UNIQUE
finding x < 19980408
-----------------------------------
scan_func[0]: 0.375000 ms
scan_func[0]: passed
-----------------------------------
scan_func[1]: 0.450000 ms
scan_func[1]: passed
-----------------------------------
scan_func[2]: 0.410000 ms
scan_func[2]: passed
-----------------------------------
scan_func[3]: 0.428000 ms
scan_func[3]: passed
-----------------------------------
scan_func[4]: 0.382000 ms
scan_func[4]: passed
-----------------------------------
scan_func[5]: 0.268000 ms
scan_func[5]: passed
-----------------------------------
scan_func[6]: 0.422000 ms
scan_func[6]: passed
-----------------------------------
scan_func[7]: 0.264000 ms
scan_func[7]: passed
-----------------------------------
scan_func[8]: 0.235000 ms
scan_func[8]: passed
-----------------------------------
scan_func[9]: 0.227000 ms
scan_func[9]: passed
-----------------------------------
scan_func[10]: 0.218000 ms
scan_func[10]: passed
-----------------------------------
scan_func[11]: 0.228000 ms
scan_func[11]: passed
-----------------------------------
scan_func[12]: 0.221000 ms
scan_func[12]: passed
-----------------------------------
scan_func[13]: 0.241000 ms
scan_func[13]: passed
-----------------------------------
scan_func[14]: 0.241000 ms
scan_func[14]: passed
-----------------------------------
scan_func[15]: 0.236000 ms
scan_func[15]: passed
-----------------------------------
scan_func[16]: 0.179000 ms
scan_func[16]: passed
-----------------------------------
scan_func[17]: 0.185000 ms
scan_func[17]: passed
-----------------------------------
scan_func[18]: 0.186000 ms
scan_func[18]: passed
-----------------------------------
scan_func[19]: 0.205000 ms
scan_func[19]: passed
-----------------------------------
第2组
is_unique_1: NON-UNIQUE
is_unique_2: NON-UNIQUE
finding x < 19980408
-----------------------------------
scan_func[0]: 0.171000 ms
scan_func[0]: passed
-----------------------------------
scan_func[1]: 0.185000 ms
scan_func[1]: passed
-----------------------------------
scan_func[2]: 0.185000 ms
scan_func[2]: passed
-----------------------------------
scan_func[3]: 0.192000 ms
scan_func[3]: passed
-----------------------------------
scan_func[4]: 0.185000 ms
scan_func[4]: passed
-----------------------------------
scan_func[5]: 0.173000 ms
scan_func[5]: passed
-----------------------------------
scan_func[6]: 0.172000 ms
scan_func[6]: passed
-----------------------------------
scan_func[7]: 0.187000 ms
scan_func[7]: passed
-----------------------------------
scan_func[8]: 0.185000 ms
scan_func[8]: passed
-----------------------------------
scan_func[9]: 0.183000 ms
scan_func[9]: passed
-----------------------------------
scan_func[10]: 0.179000 ms
scan_func[10]: passed
-----------------------------------
scan_func[11]: 0.177000 ms
scan_func[11]: passed
-----------------------------------
scan_func[12]: 0.176000 ms
scan_func[12]: passed
-----------------------------------
scan_func[13]: 0.171000 ms
scan_func[13]: passed
-----------------------------------
scan_func[14]: 0.179000 ms
scan_func[14]: passed
-----------------------------------
scan_func[15]: 0.182000 ms
scan_func[15]: passed
-----------------------------------
scan_func[16]: 0.171000 ms
scan_func[16]: passed
-----------------------------------
scan_func[17]: 0.182000 ms
scan_func[17]: passed
-----------------------------------
scan_func[18]: 0.196000 ms
scan_func[18]: passed
-----------------------------------
scan_func[19]: 0.184000 ms
scan_func[19]: passed
-----------------------------------
第3组
is_unique_1: NON-UNIQUE
is_unique_2: NON-UNIQUE
finding x < 19980408
-----------------------------------
scan_func[0]: 0.188000 ms
scan_func[0]: passed
-----------------------------------
scan_func[1]: 0.182000 ms
scan_func[1]: passed
-----------------------------------
scan_func[2]: 0.182000 ms
scan_func[2]: passed
-----------------------------------
scan_func[3]: 0.190000 ms
scan_func[3]: passed
-----------------------------------
scan_func[4]: 0.178000 ms
scan_func[4]: passed
-----------------------------------
scan_func[5]: 0.180000 ms
scan_func[5]: passed
-----------------------------------
scan_func[6]: 0.179000 ms
scan_func[6]: passed
-----------------------------------
scan_func[7]: 0.186000 ms
scan_func[7]: passed
-----------------------------------
scan_func[8]: 0.177000 ms
scan_func[8]: passed
-----------------------------------
scan_func[9]: 0.184000 ms
scan_func[9]: passed
-----------------------------------
scan_func[10]: 0.182000 ms
scan_func[10]: passed
-----------------------------------
scan_func[11]: 0.182000 ms
scan_func[11]: passed
-----------------------------------
scan_func[12]: 0.177000 ms
scan_func[12]: passed
-----------------------------------
scan_func[13]: 0.183000 ms
scan_func[13]: passed
-----------------------------------
scan_func[14]: 0.197000 ms
scan_func[14]: passed
-----------------------------------
scan_func[15]: 0.176000 ms
scan_func[15]: passed
-----------------------------------
scan_func[16]: 0.179000 ms
scan_func[16]: passed
-----------------------------------
scan_func[17]: 0.190000 ms
scan_func[17]: passed
-----------------------------------
scan_func[18]: 0.200000 ms
scan_func[18]: passed
-----------------------------------
scan_func[19]: 0.179000 ms
scan_func[19]: passed
-----------------------------------
第4组
is_unique_1: NON-UNIQUE
is_unique_2: NON-UNIQUE
finding x < 19980408
-----------------------------------
scan_func[0]: 0.181000 ms
scan_func[0]: passed
-----------------------------------
scan_func[1]: 0.175000 ms
scan_func[1]: passed
-----------------------------------
scan_func[2]: 0.175000 ms
scan_func[2]: passed
-----------------------------------
scan_func[3]: 0.177000 ms
scan_func[3]: passed
-----------------------------------
scan_func[4]: 0.174000 ms
scan_func[4]: passed
-----------------------------------
scan_func[5]: 0.170000 ms
scan_func[5]: passed
-----------------------------------
scan_func[6]: 0.175000 ms
scan_func[6]: passed
-----------------------------------
scan_func[7]: 0.175000 ms
scan_func[7]: passed
-----------------------------------
scan_func[8]: 0.178000 ms
scan_func[8]: passed
-----------------------------------
scan_func[9]: 0.192000 ms
scan_func[9]: passed
-----------------------------------
scan_func[10]: 0.180000 ms
scan_func[10]: passed
-----------------------------------
scan_func[11]: 0.178000 ms
scan_func[11]: passed
-----------------------------------
scan_func[12]: 0.172000 ms
scan_func[12]: passed
-----------------------------------
scan_func[13]: 0.185000 ms
scan_func[13]: passed
-----------------------------------
scan_func[14]: 0.173000 ms
scan_func[14]: passed
-----------------------------------
scan_func[15]: 0.172000 ms
scan_func[15]: passed
-----------------------------------
scan_func[16]: 0.174000 ms
scan_func[16]: passed
-----------------------------------
scan_func[17]: 0.194000 ms
scan_func[17]: passed
-----------------------------------
scan_func[18]: 0.181000 ms
scan_func[18]: passed
-----------------------------------
scan_func[19]: 0.170000 ms
scan_func[19]: passed
-----------------------------------
