
B+ Tree BUILDING time: 97156.388000 ms
===================
RUNNING SELECTIVITY 0.5 :
B+ tree between time: 14.790000 ms
checking:2147483218 < result < 2147484076
2147483855
2147483599
2147483320
2147483826
2147483233
2147483719
2147483873
2147483300
2147483474
2147483699
2147484056
2147483998
2147483483
2147483242
2147484050
2147483800
2147483867
2147483707
2147483439
2147483561
2147483338
2147483230
2147483725
2147483980
2147483957
2147483876
2147483332
2147483335
2147483599
2147483585
2147483448
2147483838
2147483466
2147483495
2147483387
2147483710
2147483457
2147483529
2147483294
2147483803
2147483390
2147483483
2147483916
2147483867
2147483707
2147483230
2147483338
2147483564
2147483992
2147483585
2147483631
2147483506
2147483489
2147483518
2147483556
2147483916
2147483410
2147483783
2147483376
2147483326
2147483399
2147483294
2147483492
2147484001
2147483506
2147483882
2147483751
2147483463
2147483515
2147483652
2147483765
2147483670
2147483771
2147483667
2147483858
2147484053
2147483349
2147483783
2147483347
2147483376
2147483702
2147483815
2147483882
2147483486
2147483667
2147483832
2147483576
2147483373
2147484041
2147483658
2147483890
2147483437
2147483655
2147483570
2147483628
2147483670
2147483509
2147483297
2147484059
2147483809
2147483378
2147484009
2147483890
2147483684
2147483587
2147483277
2147484018
2147483259
2147483309
2147483611
2147483291
2147483655
2147483684
2147483274
2147484064
2147483902
2147483608
2147483370
2147483637
2147483274
2147483361
2147483219
2147483587
2147483558
2147483925
2147483614
2147483259
2147483512
2147484018
2147483922
2147483995
2147483734
2147483323
2147484030
2147483786
2147483678
2147483254
2147483637
2147483370
2147483870
2147483567
2147483460
2147483847
2147484015
2147483425
2147483922
2147483602
2147483736
2147483748
2147483596
2147483806
2147483893
2147483265
2147483763
2147483835
2147483908
2147483535
2147483425
2147483402
2147483853
2147483821
2147483553
2147483236
2147483931
2147483445
2147483748
2147483329
2147484038
2147483625
2147483736
2147483821
2147483768
2147483774
2147483722
2147483763
2147483800
2147483948
2147483696
2147483288
2147483725
2147483884
2147483835
2147483957
2147483876
2147483954
2147483312
2147483344
2147483524
2147483673
CHECK PASSED!
B+ tree between time: 3.276000 ms
checking:2147483218 < result < 2147484076
2147483855
2147483599
2147483320
2147483826
2147483873
2147483474
2147484056
2147483719
2147483233
2147483699
2147483300
2147483998
2147483242
2147483483
2147483800
2147483867
2147483439
2147483707
2147484050
2147483338
2147483230
2147483725
2147483980
2147483561
2147483957
2147483876
2147483335
2147483332
2147483585
2147483599
2147483838
2147483466
2147483710
2147483495
2147483387
2147483448
2147483529
2147483803
2147483457
2147483390
2147483483
2147483916
2147483867
2147483707
2147483338
2147483230
2147483294
2147483992
2147483564
2147483585
2147483506
2147483489
2147483916
2147483556
2147483631
2147483399
2147483294
2147483410
2147483783
2147483326
2147483518
2147483376
2147483492
2147483506
2147484001
2147483751
2147483463
2147483515
2147483882
2147483667
2147483652
2147483771
2147483858
2147483765
2147483349
2147483783
2147483347
2147483670
2147483376
2147483702
2147484053
2147483815
2147483882
2147483832
2147483486
2147483667
2147483890
2147483576
2147483373
2147484041
2147483670
2147483570
2147483437
2147483509
2147483684
2147483655
2147484059
2147483658
2147483809
2147483378
2147483628
2147483274
2147484009
2147483297
2147483890
2147483587
2147483259
2147483309
2147484018
2147483611
2147483655
2147483684
2147484064
2147483277
2147483902
2147483608
2147483637
2147483291
2147483274
2147483587
2147483219
2147483370
2147483361
2147483614
2147483558
2147483925
2147484018
2147483259
2147483922
2147483734
2147484030
2147483323
2147483786
2147483512
2147483995
2147483637
2147483370
2147483870
2147483678
2147483254
2147484015
2147483567
2147483460
2147483847
2147483425
2147483922
2147483602
2147483908
2147483736
2147483748
2147483596
2147483806
2147483893
2147483535
2147483835
2147483425
2147483853
2147483402
2147483763
2147483821
2147483236
2147483736
2147483553
2147483696
2147483265
2147483931
2147483329
2147483748
2147483445
2147483625
2147483884
2147483835
2147483763
2147483821
2147483768
2147484038
2147483774
2147483288
2147483673
2147483722
2147483948
2147483524
2147483312
2147483954
2147483725
2147483957
2147483344
2147483800
2147483876
CHECK PASSED!
