DATA_N: 73050
DATA_PATH: tpc-ds-dateData
TARGET_NUMBER: 0
TARGET_NUMBER_2: 0
TARGET_L: 
20010910 20011116 20010616 20010713 
TARGET_R: 

INSERT: 

THREAD_N: 4
CODE_WIDTH: 32
STRIDE: 512
OPERATOR_TYPE: 1
DEBUG: 0

SAMPLES_N: 36
JOBS_PER_THREAD: 18272
MAX_CODE_VAL: 4294967295
MALLOC_DATA_N: 81920
BITMAP_N: 2560
----------
开始从文件：tpc-ds-dateData 装载数据 
装载数据完成，用时： 0.471000 ms
data数据量：73050   每线程任务数：18272

开始采样
采样完成，用时： 0.920000 ms

开始创建映射函数S
创建映射函数S 完成  用时： 0.004000 ms

开始创建ske_col
创建ske_col完成，用时： 15.294000 ms

第1组
is_unique_1: NON-UNIQUE
is_unique_2: NON-UNIQUE
finding x = 20010910
-----------------------------------
scan_func[0]: 0.402000 ms
scan_func[0]: passed
-----------------------------------
scan_func[1]: 0.434000 ms
scan_func[1]: passed
-----------------------------------
scan_func[2]: 0.434000 ms
scan_func[2]: passed
-----------------------------------
scan_func[3]: 0.324000 ms
scan_func[3]: passed
-----------------------------------
scan_func[4]: 0.422000 ms
scan_func[4]: passed
-----------------------------------
scan_func[5]: 0.404000 ms
scan_func[5]: passed
-----------------------------------
scan_func[6]: 0.435000 ms
scan_func[6]: passed
-----------------------------------
scan_func[7]: 0.346000 ms
scan_func[7]: passed
-----------------------------------
scan_func[8]: 0.269000 ms
scan_func[8]: passed
-----------------------------------
scan_func[9]: 0.248000 ms
scan_func[9]: passed
-----------------------------------
scan_func[10]: 0.434000 ms
scan_func[10]: passed
-----------------------------------
scan_func[11]: 0.447000 ms
scan_func[11]: passed
-----------------------------------
scan_func[12]: 0.383000 ms
scan_func[12]: passed
-----------------------------------
scan_func[13]: 0.235000 ms
scan_func[13]: passed
-----------------------------------
scan_func[14]: 0.232000 ms
scan_func[14]: passed
-----------------------------------
scan_func[15]: 0.188000 ms
scan_func[15]: passed
-----------------------------------
scan_func[16]: 0.166000 ms
scan_func[16]: passed
-----------------------------------
scan_func[17]: 0.180000 ms
scan_func[17]: passed
-----------------------------------
scan_func[18]: 0.190000 ms
scan_func[18]: passed
-----------------------------------
scan_func[19]: 0.195000 ms
scan_func[19]: passed
-----------------------------------
第2组
is_unique_1: NON-UNIQUE
is_unique_2: NON-UNIQUE
finding x = 20011116
-----------------------------------
scan_func[0]: 0.178000 ms
scan_func[0]: passed
-----------------------------------
scan_func[1]: 0.177000 ms
scan_func[1]: passed
-----------------------------------
scan_func[2]: 0.203000 ms
scan_func[2]: passed
-----------------------------------
scan_func[3]: 0.183000 ms
scan_func[3]: passed
-----------------------------------
scan_func[4]: 0.178000 ms
scan_func[4]: passed
-----------------------------------
scan_func[5]: 0.179000 ms
scan_func[5]: passed
-----------------------------------
scan_func[6]: 0.189000 ms
scan_func[6]: passed
-----------------------------------
scan_func[7]: 0.182000 ms
scan_func[7]: passed
-----------------------------------
scan_func[8]: 0.181000 ms
scan_func[8]: passed
-----------------------------------
scan_func[9]: 0.181000 ms
scan_func[9]: passed
-----------------------------------
scan_func[10]: 0.185000 ms
scan_func[10]: passed
-----------------------------------
scan_func[11]: 0.180000 ms
scan_func[11]: passed
-----------------------------------
scan_func[12]: 0.181000 ms
scan_func[12]: passed
-----------------------------------
scan_func[13]: 0.172000 ms
scan_func[13]: passed
-----------------------------------
scan_func[14]: 0.183000 ms
scan_func[14]: passed
-----------------------------------
scan_func[15]: 0.186000 ms
scan_func[15]: passed
-----------------------------------
scan_func[16]: 0.178000 ms
scan_func[16]: passed
-----------------------------------
scan_func[17]: 0.177000 ms
scan_func[17]: passed
-----------------------------------
scan_func[18]: 0.192000 ms
scan_func[18]: passed
-----------------------------------
scan_func[19]: 0.180000 ms
scan_func[19]: passed
-----------------------------------
第3组
is_unique_1: NON-UNIQUE
is_unique_2: NON-UNIQUE
finding x = 20010616
-----------------------------------
scan_func[0]: 0.178000 ms
scan_func[0]: passed
-----------------------------------
scan_func[1]: 0.181000 ms
scan_func[1]: passed
-----------------------------------
scan_func[2]: 0.185000 ms
scan_func[2]: passed
-----------------------------------
scan_func[3]: 0.197000 ms
scan_func[3]: passed
-----------------------------------
scan_func[4]: 0.175000 ms
scan_func[4]: passed
-----------------------------------
scan_func[5]: 0.179000 ms
scan_func[5]: passed
-----------------------------------
scan_func[6]: 0.194000 ms
scan_func[6]: passed
-----------------------------------
scan_func[7]: 0.178000 ms
scan_func[7]: passed
-----------------------------------
scan_func[8]: 0.182000 ms
scan_func[8]: passed
-----------------------------------
scan_func[9]: 0.172000 ms
scan_func[9]: passed
-----------------------------------
scan_func[10]: 0.172000 ms
scan_func[10]: passed
-----------------------------------
scan_func[11]: 0.174000 ms
scan_func[11]: passed
-----------------------------------
scan_func[12]: 0.179000 ms
scan_func[12]: passed
-----------------------------------
scan_func[13]: 0.179000 ms
scan_func[13]: passed
-----------------------------------
scan_func[14]: 0.175000 ms
scan_func[14]: passed
-----------------------------------
scan_func[15]: 0.177000 ms
scan_func[15]: passed
-----------------------------------
scan_func[16]: 0.181000 ms
scan_func[16]: passed
-----------------------------------
scan_func[17]: 0.179000 ms
scan_func[17]: passed
-----------------------------------
scan_func[18]: 0.187000 ms
scan_func[18]: passed
-----------------------------------
scan_func[19]: 0.171000 ms
scan_func[19]: passed
-----------------------------------
第4组
is_unique_1: NON-UNIQUE
is_unique_2: NON-UNIQUE
finding x = 20010713
-----------------------------------
scan_func[0]: 0.163000 ms
scan_func[0]: passed
-----------------------------------
scan_func[1]: 0.188000 ms
scan_func[1]: passed
-----------------------------------
scan_func[2]: 0.188000 ms
scan_func[2]: passed
-----------------------------------
scan_func[3]: 0.180000 ms
scan_func[3]: passed
-----------------------------------
scan_func[4]: 0.181000 ms
scan_func[4]: passed
-----------------------------------
scan_func[5]: 0.173000 ms
scan_func[5]: passed
-----------------------------------
scan_func[6]: 0.177000 ms
scan_func[6]: passed
-----------------------------------
scan_func[7]: 0.176000 ms
scan_func[7]: passed
-----------------------------------
scan_func[8]: 0.176000 ms
scan_func[8]: passed
-----------------------------------
scan_func[9]: 0.175000 ms
scan_func[9]: passed
-----------------------------------
scan_func[10]: 0.169000 ms
scan_func[10]: passed
-----------------------------------
scan_func[11]: 0.176000 ms
scan_func[11]: passed
-----------------------------------
scan_func[12]: 0.179000 ms
scan_func[12]: passed
-----------------------------------
scan_func[13]: 0.184000 ms
scan_func[13]: passed
-----------------------------------
scan_func[14]: 0.181000 ms
scan_func[14]: passed
-----------------------------------
scan_func[15]: 0.171000 ms
scan_func[15]: passed
-----------------------------------
scan_func[16]: 0.192000 ms
scan_func[16]: passed
-----------------------------------
scan_func[17]: 0.177000 ms
scan_func[17]: passed
-----------------------------------
scan_func[18]: 0.173000 ms
scan_func[18]: passed
-----------------------------------
scan_func[19]: 0.175000 ms
scan_func[19]: passed
-----------------------------------
