DATA_N: 1000000
DATA_PATH: 
TARGET_NUMBER: 0
TARGET_NUMBER_2: 0
TARGET_L: 
0 214748364 429496729 644245094 858993459 1073741823 1288490188 1503238553 1717986918 1932735282 2147483647 2362232012 2576980377 2791728741 3006477106 3221225471 3435973836 3650722200 3865470565 4080218930 
TARGET_R: 

INSERT: 

THREAD_N: 1
CODE_WIDTH: 32
STRIDE: 4096
OPERATOR_TYPE: 0
DEBUG: 0

SAMPLES_N: 500
JOBS_PER_THREAD: 1000000
MAX_CODE_VAL: 4294967295
MALLOC_DATA_N: 1048576
BITMAP_N: 32768
----------
initing data by random
随机装载数据完成，开始采样
data数据量1000000
每线程任务数1000000
init_data_by_random: done
开始创建映射函数S
创建映射函数S 完成  用时： 0.005000 ms

开始创建ske_col
创建ske_col完成，用时： 261.899000 ms

第1组
0.468000 ms
-----------------------------------
scan_func[0]: passed
第2组
0.276000 ms
-----------------------------------
scan_func[0]: passed
第3组
0.735000 ms
-----------------------------------
scan_func[0]: passed
第4组
0.469000 ms
-----------------------------------
scan_func[0]: passed
第5组
0.611000 ms
-----------------------------------
scan_func[0]: passed
第6组
0.589000 ms
-----------------------------------
scan_func[0]: passed
第7组
0.402000 ms
-----------------------------------
scan_func[0]: passed
第8组
0.452000 ms
-----------------------------------
scan_func[0]: passed
第9组
0.625000 ms
-----------------------------------
scan_func[0]: passed
第10组
0.475000 ms
-----------------------------------
scan_func[0]: passed
第11组
3.101000 ms
-----------------------------------
scan_func[0]: passed
第12组
4.722000 ms
-----------------------------------
scan_func[0]: passed
第13组
3.169000 ms
-----------------------------------
scan_func[0]: passed
第14组
7.406000 ms
-----------------------------------
scan_func[0]: passed
第15组
3.930000 ms
-----------------------------------
scan_func[0]: passed
第16组
9.202000 ms
-----------------------------------
scan_func[0]: passed
第17组
6.316000 ms
-----------------------------------
scan_func[0]: passed
第18组
3.212000 ms
-----------------------------------
scan_func[0]: passed
第19组
3.479000 ms
-----------------------------------
scan_func[0]: passed
第20组
2.605000 ms
-----------------------------------
scan_func[0]: passed
