DATA_N: 73050
DATA_PATH: tpc-ds-dateData
TARGET_NUMBER: 0
TARGET_NUMBER_2: 0
TARGET_L: 
20010112 
TARGET_R: 
20010212 
INSERT: 

THREAD_N: 4
CODE_WIDTH: 32
STRIDE: 512
OPERATOR_TYPE: 3
DEBUG: 0

SAMPLES_N: 36
JOBS_PER_THREAD: 18272
MAX_CODE_VAL: 4294967295
MALLOC_DATA_N: 81920
BITMAP_N: 2560
----------
开始从文件：tpc-ds-dateData 装载数据 
装载数据完成，用时： 0.541000 ms
data数据量：73050   每线程任务数：18272

开始采样
采样完成，用时： 0.659000 ms

开始创建映射函数S
创建映射函数S 完成  用时： 0.004000 ms

开始创建ske_col
创建ske_col完成，用时： 17.850000 ms

第1组
is_unique_1: NON-UNIQUE
is_unique_2: NON-UNIQUE
finding 20010112 < x < 20010212
-----------------------------------
scan_func[0]: 0.539000 ms
scan_func[0]: passed
-----------------------------------
scan_func[1]: 0.524000 ms
scan_func[1]: passed
-----------------------------------
scan_func[2]: 0.496000 ms
scan_func[2]: passed
-----------------------------------
scan_func[3]: 0.492000 ms
scan_func[3]: passed
-----------------------------------
scan_func[4]: 0.397000 ms
scan_func[4]: passed
-----------------------------------
scan_func[5]: 0.500000 ms
scan_func[5]: passed
-----------------------------------
scan_func[6]: 0.559000 ms
scan_func[6]: passed
-----------------------------------
scan_func[7]: 0.439000 ms
scan_func[7]: passed
-----------------------------------
scan_func[8]: 0.464000 ms
scan_func[8]: passed
-----------------------------------
scan_func[9]: 0.399000 ms
scan_func[9]: passed
-----------------------------------
scan_func[10]: 0.322000 ms
scan_func[10]: passed
-----------------------------------
scan_func[11]: 0.274000 ms
scan_func[11]: passed
-----------------------------------
scan_func[12]: 0.269000 ms
scan_func[12]: passed
-----------------------------------
scan_func[13]: 0.269000 ms
scan_func[13]: passed
-----------------------------------
scan_func[14]: 0.264000 ms
scan_func[14]: passed
-----------------------------------
scan_func[15]: 0.266000 ms
scan_func[15]: passed
-----------------------------------
scan_func[16]: 0.265000 ms
scan_func[16]: passed
-----------------------------------
scan_func[17]: 0.269000 ms
scan_func[17]: passed
-----------------------------------
scan_func[18]: 0.271000 ms
scan_func[18]: passed
-----------------------------------
scan_func[19]: 0.259000 ms
scan_func[19]: passed
-----------------------------------
