DATA_N: 73050
DATA_PATH: tpc-ds-dateData
TARGET_NUMBER: 0
TARGET_NUMBER_2: 0
TARGET_L: 
20010112 
TARGET_R: 
20010211 
INSERT: 

THREAD_N: 4
CODE_WIDTH: 32
STRIDE: 512
OPERATOR_TYPE: 3
DEBUG: 0

SAMPLES_N: 36
JOBS_PER_THREAD: 18272
MAX_CODE_VAL: 4294967295
MALLOC_DATA_N: 81920
BITMAP_N: 2560
----------
开始从文件：tpc-ds-dateData 装载数据 
装载数据完成，用时： 0.591000 ms
data数据量：73050   每线程任务数：18272

开始采样
采样完成，用时： 0.809000 ms

开始创建映射函数S
创建映射函数S 完成  用时： 0.005000 ms

开始创建ske_col
创建ske_col完成，用时： 19.325000 ms

第1组
is_unique_1: NON-UNIQUE
is_unique_2: NON-UNIQUE
finding 20010112 < x < 20010211
-----------------------------------
scan_func[0]: 0.476000 ms
scan_func[0]: passed
-----------------------------------
scan_func[1]: 0.505000 ms
scan_func[1]: passed
-----------------------------------
scan_func[2]: 0.453000 ms
scan_func[2]: passed
-----------------------------------
scan_func[3]: 0.459000 ms
scan_func[3]: passed
-----------------------------------
scan_func[4]: 0.386000 ms
scan_func[4]: passed
-----------------------------------
scan_func[5]: 0.353000 ms
scan_func[5]: passed
-----------------------------------
scan_func[6]: 0.333000 ms
scan_func[6]: passed
-----------------------------------
scan_func[7]: 0.366000 ms
scan_func[7]: passed
-----------------------------------
scan_func[8]: 0.401000 ms
scan_func[8]: passed
-----------------------------------
scan_func[9]: 0.347000 ms
scan_func[9]: passed
-----------------------------------
scan_func[10]: 0.344000 ms
scan_func[10]: passed
-----------------------------------
scan_func[11]: 0.342000 ms
scan_func[11]: passed
-----------------------------------
scan_func[12]: 0.323000 ms
scan_func[12]: passed
-----------------------------------
scan_func[13]: 0.330000 ms
scan_func[13]: passed
-----------------------------------
scan_func[14]: 0.309000 ms
scan_func[14]: passed
-----------------------------------
scan_func[15]: 0.284000 ms
scan_func[15]: passed
-----------------------------------
scan_func[16]: 0.279000 ms
scan_func[16]: passed
-----------------------------------
scan_func[17]: 0.280000 ms
scan_func[17]: passed
-----------------------------------
scan_func[18]: 0.290000 ms
scan_func[18]: passed
-----------------------------------
scan_func[19]: 0.283000 ms
scan_func[19]: passed
-----------------------------------
